15:41:40. 747 [main] INFO  testCases.TC001_AccountRegisterTest -*--Starting TC001_AccountRegisterTest--*
15:41:40. 841 [main] INFO  testCases.TC001_AccountRegisterTest -*Clicked on MyAccount Link*
15:41:43. 195 [main] INFO  testCases.TC001_AccountRegisterTest -*Validating expected message*
15:41:43. 225 [main] INFO  testCases.TC001_AccountRegisterTest -Actual confirmation message: Register Account
15:41:43. 504 [main] INFO  testCases.TC002_LoginTest -Logger initialized successfully.
15:41:50. 165 [main] INFO  testCases.TC002_LoginTest -*--Starting TC002_LoginTest--*
15:41:52. 366 [main] INFO  org.testng.internal.Utils -[TestNG] Time taken by org.testng.reporters.jq.Main@432f521f: 41 ms
15:41:52. 376 [main] INFO  org.testng.internal.Utils -[TestNG] Time taken by org.testng.reporters.FailedReporter@24f870ee: 10 ms
15:41:52. 385 [main] INFO  org.testng.internal.Utils -[TestNG] Time taken by org.testng.reporters.XMLReporter@a96d56c: 9 ms
15:41:52. 391 [main] INFO  org.testng.internal.Utils -[TestNG] Time taken by org.testng.reporters.EmailableReporter2@354e7004: 5 ms
15:41:52. 398 [main] INFO  org.testng.internal.Utils -[TestNG] Time taken by org.testng.reporters.JUnitReportReporter@33956d1a: 7 ms
15:41:52. 399 [main] INFO  org.testng.internal.Utils -[TestNG] Time taken by org.testng.internal.ExitCodeListener@2e1ddc90: 0 ms
15:44:53. 736 [main] INFO  org.testng.internal.Utils -[Utils] MethodGroupsHelper.collectMethodsByGroup() took 0 ms.
15:44:53. 740 [main] INFO  org.testng.internal.Utils -[Utils] MethodGroupsHelper.sortMethods() took 2 ms.
15:44:53. 742 [main] INFO  org.testng.internal.Utils -[Utils] MethodGroupsHelper.collectMethodsByGroup() took 0 ms.
15:44:53. 742 [main] INFO  org.testng.internal.Utils -[Utils] MethodGroupsHelper.sortMethods() took 0 ms.
15:44:53. 742 [main] INFO  org.testng.internal.Utils -[Utils] MethodGroupsHelper.collectMethodsByGroup() took 0 ms.
15:44:53. 742 [main] INFO  org.testng.internal.Utils -[Utils] MethodGroupsHelper.sortMethods() took 0 ms.
15:44:53. 742 [main] INFO  org.testng.internal.Utils -[Utils] MethodGroupsHelper.collectMethodsByGroup() took 0 ms.
15:44:53. 742 [main] INFO  org.testng.internal.Utils -[Utils] MethodGroupsHelper.sortMethods() took 0 ms.
15:44:53. 744 [main] INFO  org.testng.internal.Utils -[Utils] MethodGroupsHelper.collectMethodsByGroup() took 0 ms.
15:44:53. 754 [main] INFO  org.testng.internal.Utils -[Utils] MethodGroupsHelper.sortMethods() took 9 ms.
15:44:53. 755 [main] INFO  org.testng.internal.Utils -[Utils] MethodGroupsHelper.collectMethodsByGroup() took 0 ms.
15:44:53. 755 [main] INFO  org.testng.internal.Utils -[Utils] MethodGroupsHelper.sortMethods() took 0 ms.
15:44:53. 756 [main] INFO  org.testng.internal.Utils -[Utils] MethodGroupsHelper.collectMethodsByGroup() took 0 ms.
15:44:53. 756 [main] INFO  org.testng.internal.Utils -[Utils] MethodGroupsHelper.sortMethods() took 0 ms.
15:44:53. 756 [main] INFO  org.testng.internal.Utils -[Utils] MethodGroupsHelper.collectMethodsByGroup() took 0 ms.
15:44:53. 756 [main] INFO  org.testng.internal.Utils -[Utils] MethodGroupsHelper.sortMethods() took 0 ms.
15:44:53. 757 [main] INFO  org.testng.internal.Utils -[Utils] MethodGroupsHelper.collectMethodsByGroup() took 0 ms.
15:44:53. 758 [main] INFO  org.testng.internal.Utils -[Utils] MethodGroupsHelper.sortMethods() took 0 ms.
15:44:53. 758 [main] INFO  org.testng.internal.Utils -[Utils] MethodGroupsHelper.collectMethodsByGroup() took 0 ms.
15:44:53. 758 [main] INFO  org.testng.internal.Utils -[Utils] MethodGroupsHelper.sortMethods() took 0 ms.
15:44:53. 759 [main] INFO  org.testng.internal.Utils -[Utils] MethodGroupsHelper.collectMethodsByGroup() took 0 ms.
15:44:53. 759 [main] INFO  org.testng.internal.Utils -[Utils] MethodGroupsHelper.sortMethods() took 0 ms.
15:44:53. 759 [main] INFO  org.testng.internal.Utils -[Utils] MethodGroupsHelper.collectMethodsByGroup() took 0 ms.
15:44:53. 759 [main] INFO  org.testng.internal.Utils -[Utils] MethodGroupsHelper.sortMethods() took 0 ms.
15:44:53. 759 [main] INFO  org.testng.internal.Utils -[Utils] MethodGroupsHelper.collectMethodsByGroup() took 0 ms.
15:44:53. 759 [main] INFO  org.testng.internal.Utils -[Utils] MethodGroupsHelper.sortMethods() took 0 ms.
15:44:53. 760 [main] INFO  org.testng.internal.Utils -[Utils] MethodGroupsHelper.collectMethodsByGroup() took 0 ms.
15:44:53. 760 [main] INFO  org.testng.internal.Utils -[Utils] MethodGroupsHelper.sortMethods() took 0 ms.
15:44:53. 760 [main] INFO  org.testng.internal.Utils -[Utils] MethodGroupsHelper.collectMethodsByGroup() took 0 ms.
15:44:53. 760 [main] INFO  org.testng.internal.Utils -[Utils] MethodGroupsHelper.sortMethods() took 0 ms.
15:44:53. 761 [main] INFO  org.testng.internal.Utils -[Utils] MethodGroupsHelper.collectMethodsByGroup() took 0 ms.
15:44:53. 761 [main] INFO  org.testng.internal.Utils -[Utils] MethodGroupsHelper.sortMethods() took 0 ms.
15:44:53. 761 [main] INFO  org.testng.internal.Utils -[Utils] MethodGroupsHelper.collectMethodsByGroup() took 0 ms.
