15:46:02. 942 [main] INFO  org.testng.internal.Utils -[Utils] MethodGroupsHelper.collectMethodsByGroup() took 0 ms.
15:46:02. 946 [main] INFO  org.testng.internal.Utils -[Utils] MethodGroupsHelper.sortMethods() took 0 ms.
15:46:02. 950 [main] INFO  org.testng.internal.Utils -[TestNG] Running:
  I:\Ishan\QA_HybridFramework\master.xml

15:46:03. 060 [main] INFO  org.testng.internal.Utils -[Utils] DynamicGraphHelper.createDynamicGraph() took 1 ms.
15:46:03. 079 [main] INFO  testCases.TC003_LoginTestDDT -Logger initialized successfully.
15:46:05. 184 [main] INFO  org.testng.internal.Utils -[TestNG] Time taken by org.testng.reporters.jq.Main@3ddb774f: 35 ms
15:46:05. 190 [main] INFO  org.testng.internal.Utils -[TestNG] Time taken by org.testng.reporters.FailedReporter@7af52ec7: 6 ms
15:46:05. 200 [main] INFO  org.testng.internal.Utils -[TestNG] Time taken by org.testng.reporters.XMLReporter@4fb04a72: 10 ms
15:46:05. 206 [main] INFO  org.testng.internal.Utils -[TestNG] Time taken by org.testng.reporters.EmailableReporter2@79696332: 6 ms
15:46:05. 211 [main] INFO  org.testng.internal.Utils -[TestNG] Time taken by org.testng.reporters.JUnitReportReporter@33eb6758: 5 ms
15:46:05. 211 [main] INFO  org.testng.internal.Utils -[TestNG] Time taken by org.testng.internal.ExitCodeListener@f8a6243: 0 ms
15:47:06. 013 [main] INFO  org.testng.internal.Utils -[Utils] MethodGroupsHelper.collectMethodsByGroup() took 0 ms.
15:47:06. 020 [main] INFO  org.testng.internal.Utils -[Utils] MethodGroupsHelper.sortMethods() took 2 ms.
15:47:06. 024 [main] INFO  org.testng.internal.Utils -[Utils] MethodGroupsHelper.collectMethodsByGroup() took 0 ms.
15:47:06. 025 [main] INFO  org.testng.internal.Utils -[Utils] MethodGroupsHelper.sortMethods() took 0 ms.
15:47:06. 025 [main] INFO  org.testng.internal.Utils -[Utils] MethodGroupsHelper.collectMethodsByGroup() took 0 ms.
15:47:06. 025 [main] INFO  org.testng.internal.Utils -[Utils] MethodGroupsHelper.sortMethods() took 0 ms.
15:47:06. 025 [main] INFO  org.testng.internal.Utils -[Utils] MethodGroupsHelper.collectMethodsByGroup() took 0 ms.
15:47:06. 025 [main] INFO  org.testng.internal.Utils -[Utils] MethodGroupsHelper.sortMethods() took 0 ms.
15:47:06. 027 [main] INFO  org.testng.internal.Utils -[Utils] MethodGroupsHelper.collectMethodsByGroup() took 0 ms.
15:47:06. 039 [main] INFO  org.testng.internal.Utils -[Utils] MethodGroupsHelper.sortMethods() took 11 ms.
15:47:06. 040 [main] INFO  org.testng.internal.Utils -[Utils] MethodGroupsHelper.collectMethodsByGroup() took 0 ms.
15:47:06. 040 [main] INFO  org.testng.internal.Utils -[Utils] MethodGroupsHelper.sortMethods() took 0 ms.
15:47:06. 041 [main] INFO  org.testng.internal.Utils -[Utils] MethodGroupsHelper.collectMethodsByGroup() took 0 ms.
15:47:06. 041 [main] INFO  org.testng.internal.Utils -[Utils] MethodGroupsHelper.sortMethods() took 0 ms.
15:47:06. 041 [main] INFO  org.testng.internal.Utils -[Utils] MethodGroupsHelper.collectMethodsByGroup() took 0 ms.
15:47:06. 041 [main] INFO  org.testng.internal.Utils -[Utils] MethodGroupsHelper.sortMethods() took 0 ms.
15:47:06. 043 [main] INFO  org.testng.internal.Utils -[Utils] MethodGroupsHelper.collectMethodsByGroup() took 0 ms.
15:47:06. 043 [main] INFO  org.testng.internal.Utils -[Utils] MethodGroupsHelper.sortMethods() took 0 ms.
15:47:06. 044 [main] INFO  org.testng.internal.Utils -[Utils] MethodGroupsHelper.collectMethodsByGroup() took 0 ms.
15:47:06. 044 [main] INFO  org.testng.internal.Utils -[Utils] MethodGroupsHelper.sortMethods() took 0 ms.
15:47:06. 046 [main] INFO  org.testng.internal.Utils -[Utils] MethodGroupsHelper.collectMethodsByGroup() took 0 ms.
15:47:06. 046 [main] INFO  org.testng.internal.Utils -[Utils] MethodGroupsHelper.sortMethods() took 0 ms.
15:47:06. 047 [main] INFO  org.testng.internal.Utils -[Utils] MethodGroupsHelper.collectMethodsByGroup() took 0 ms.
15:47:06. 047 [main] INFO  org.testng.internal.Utils -[Utils] MethodGroupsHelper.sortMethods() took 0 ms.
15:47:06. 052 [main] INFO  org.testng.internal.Utils -[Utils] MethodGroupsHelper.collectMethodsByGroup() took 4 ms.
15:47:06. 052 [main] INFO  org.testng.internal.Utils -[Utils] MethodGroupsHelper.sortMethods() took 0 ms.
15:47:06. 054 [main] INFO  org.testng.internal.Utils -[Utils] MethodGroupsHelper.collectMethodsByGroup() took 0 ms.
15:47:06. 054 [main] INFO  org.testng.internal.Utils -[Utils] MethodGroupsHelper.sortMethods() took 0 ms.
15:47:06. 054 [main] INFO  org.testng.internal.Utils -[Utils] MethodGroupsHelper.collectMethodsByGroup() took 0 ms.
15:47:06. 054 [main] INFO  org.testng.internal.Utils -[Utils] MethodGroupsHelper.sortMethods() took 0 ms.
15:47:06. 060 [main] INFO  org.testng.internal.Utils -[TestNG] Running:
  I:\Ishan\QA_HybridFramework\master.xml

15:47:06. 166 [main] INFO  org.testng.internal.Utils -[Utils] DynamicGraphHelper.createDynamicGraph() took 2 ms.
15:47:06. 182 [main] INFO  testCases.TC003_LoginTestDDT -Logger initialized successfully.
15:47:10. 970 [main] INFO  testCases.TC003_LoginTestDDT -*--Starting TC003_LoginDDTTest--*
