12:38:44. 238 [main] INFO  org.testng.internal.Utils -[Utils] MethodGroupsHelper.sortMethods() took 0 ms.
12:38:44. 241 [main] INFO  org.testng.internal.Utils -[Utils] MethodGroupsHelper.collectMethodsByGroup() took 0 ms.
12:38:44. 241 [main] INFO  org.testng.internal.Utils -[Utils] MethodGroupsHelper.sortMethods() took 0 ms.
12:38:44. 244 [main] INFO  org.testng.internal.Utils -[Utils] MethodGroupsHelper.collectMethodsByGroup() took 0 ms.
12:38:44. 244 [main] INFO  org.testng.internal.Utils -[Utils] MethodGroupsHelper.sortMethods() took 0 ms.
12:38:44. 244 [main] INFO  org.testng.internal.Utils -[Utils] MethodGroupsHelper.collectMethodsByGroup() took 0 ms.
12:38:44. 244 [main] INFO  org.testng.internal.Utils -[Utils] MethodGroupsHelper.sortMethods() took 0 ms.
12:38:44. 248 [main] INFO  org.testng.internal.Utils -[Utils] MethodGroupsHelper.collectMethodsByGroup() took 1 ms.
12:38:44. 248 [main] INFO  org.testng.internal.Utils -[Utils] MethodGroupsHelper.sortMethods() took 0 ms.
12:38:44. 249 [main] INFO  org.testng.internal.Utils -[Utils] MethodGroupsHelper.collectMethodsByGroup() took 0 ms.
12:38:44. 249 [main] INFO  org.testng.internal.Utils -[Utils] MethodGroupsHelper.sortMethods() took 0 ms.
12:38:44. 249 [main] INFO  org.testng.internal.Utils -[Utils] MethodGroupsHelper.collectMethodsByGroup() took 0 ms.
12:38:44. 249 [main] INFO  org.testng.internal.Utils -[Utils] MethodGroupsHelper.sortMethods() took 0 ms.
12:38:44. 364 [main] INFO  org.testng.internal.Utils -[Utils] DynamicGraphHelper.createDynamicGraph() took 3 ms.
12:38:44. 380 [main] INFO  testCases.TC003_LoginTestDDT -Logger initialized successfully.
12:38:45. 833 [main] INFO  org.testng.internal.Utils -[TestNG] Time taken by org.testng.reporters.jq.Main@7e91ed74: 44 ms
12:38:45. 841 [main] INFO  org.testng.internal.Utils -[TestNG] Time taken by org.testng.reporters.FailedReporter@33f17289: 8 ms
12:38:45. 851 [main] INFO  org.testng.internal.Utils -[TestNG] Time taken by org.testng.reporters.XMLReporter@d499c13: 10 ms
12:38:45. 859 [main] INFO  org.testng.internal.Utils -[TestNG] Time taken by org.testng.reporters.EmailableReporter2@17b016ac: 7 ms
12:38:45. 866 [main] INFO  org.testng.internal.Utils -[TestNG] Time taken by org.testng.reporters.JUnitReportReporter@54a2d96e: 7 ms
12:38:45. 866 [main] INFO  org.testng.internal.Utils -[TestNG] Time taken by org.testng.internal.ExitCodeListener@66a53104: 0 ms
12:42:13. 188 [main] INFO  org.testng.internal.Utils -[Utils] MethodGroupsHelper.collectMethodsByGroup() took 0 ms.
12:42:13. 192 [main] INFO  org.testng.internal.Utils -[Utils] MethodGroupsHelper.sortMethods() took 1 ms.
12:42:13. 193 [main] INFO  org.testng.internal.Utils -[Utils] MethodGroupsHelper.collectMethodsByGroup() took 0 ms.
12:42:13. 193 [main] INFO  org.testng.internal.Utils -[Utils] MethodGroupsHelper.sortMethods() took 0 ms.
12:42:13. 193 [main] INFO  org.testng.internal.Utils -[Utils] MethodGroupsHelper.collectMethodsByGroup() took 0 ms.
12:42:13. 193 [main] INFO  org.testng.internal.Utils -[Utils] MethodGroupsHelper.sortMethods() took 0 ms.
12:42:13. 193 [main] INFO  org.testng.internal.Utils -[Utils] MethodGroupsHelper.collectMethodsByGroup() took 0 ms.
12:42:13. 193 [main] INFO  org.testng.internal.Utils -[Utils] MethodGroupsHelper.sortMethods() took 0 ms.
12:42:13. 195 [main] INFO  org.testng.internal.Utils -[Utils] MethodGroupsHelper.collectMethodsByGroup() took 0 ms.
12:42:13. 202 [main] INFO  org.testng.internal.Utils -[Utils] MethodGroupsHelper.sortMethods() took 7 ms.
12:42:13. 203 [main] INFO  org.testng.internal.Utils -[Utils] MethodGroupsHelper.collectMethodsByGroup() took 0 ms.
12:42:13. 203 [main] INFO  org.testng.internal.Utils -[Utils] MethodGroupsHelper.sortMethods() took 0 ms.
12:42:13. 204 [main] INFO  org.testng.internal.Utils -[Utils] MethodGroupsHelper.collectMethodsByGroup() took 0 ms.
12:42:13. 204 [main] INFO  org.testng.internal.Utils -[Utils] MethodGroupsHelper.sortMethods() took 0 ms.
12:42:13. 204 [main] INFO  org.testng.internal.Utils -[Utils] MethodGroupsHelper.collectMethodsByGroup() took 0 ms.
12:42:13. 204 [main] INFO  org.testng.internal.Utils -[Utils] MethodGroupsHelper.sortMethods() took 0 ms.
12:42:13. 205 [main] INFO  org.testng.internal.Utils -[Utils] MethodGroupsHelper.collectMethodsByGroup() took 0 ms.
12:42:13. 205 [main] INFO  org.testng.internal.Utils -[Utils] MethodGroupsHelper.sortMethods() took 0 ms.
12:42:13. 206 [main] INFO  org.testng.internal.Utils -[Utils] MethodGroupsHelper.collectMethodsByGroup() took 0 ms.
12:42:13. 206 [main] INFO  org.testng.internal.Utils -[Utils] MethodGroupsHelper.sortMethods() took 0 ms.
12:42:13. 207 [main] INFO  org.testng.internal.Utils -[Utils] MethodGroupsHelper.collectMethodsByGroup() took 0 ms.
12:42:13. 208 [main] INFO  org.testng.internal.Utils -[Utils] MethodGroupsHelper.sortMethods() took 0 ms.
12:42:13. 208 [main] INFO  org.testng.internal.Utils -[Utils] MethodGroupsHelper.collectMethodsByGroup() took 0 ms.
