11:56:13. 366 [main] INFO  org.testng.internal.Utils -[Utils] MethodGroupsHelper.collectMethodsByGroup() took 0 ms.
11:56:13. 378 [main] INFO  org.testng.internal.Utils -[Utils] MethodGroupsHelper.sortMethods() took 0 ms.
11:56:13. 381 [main] INFO  org.testng.internal.Utils -[Utils] MethodGroupsHelper.collectMethodsByGroup() took 0 ms.
11:56:13. 399 [main] INFO  org.testng.internal.Utils -[Utils] MethodGroupsHelper.sortMethods() took 17 ms.
11:56:13. 402 [main] INFO  org.testng.internal.Utils -[Utils] MethodGroupsHelper.collectMethodsByGroup() took 0 ms.
11:56:13. 403 [main] INFO  org.testng.internal.Utils -[Utils] MethodGroupsHelper.sortMethods() took 0 ms.
11:56:13. 404 [main] INFO  org.testng.internal.Utils -[Utils] MethodGroupsHelper.collectMethodsByGroup() took 0 ms.
11:56:13. 406 [main] INFO  org.testng.internal.Utils -[Utils] MethodGroupsHelper.sortMethods() took 0 ms.
11:56:13. 407 [main] INFO  org.testng.internal.Utils -[Utils] MethodGroupsHelper.collectMethodsByGroup() took 0 ms.
11:56:13. 407 [main] INFO  org.testng.internal.Utils -[Utils] MethodGroupsHelper.sortMethods() took 0 ms.
11:56:13. 410 [main] INFO  org.testng.internal.Utils -[Utils] MethodGroupsHelper.collectMethodsByGroup() took 0 ms.
11:56:13. 411 [main] INFO  org.testng.internal.Utils -[Utils] MethodGroupsHelper.sortMethods() took 0 ms.
11:56:13. 411 [main] INFO  org.testng.internal.Utils -[Utils] MethodGroupsHelper.collectMethodsByGroup() took 0 ms.
11:56:13. 411 [main] INFO  org.testng.internal.Utils -[Utils] MethodGroupsHelper.sortMethods() took 0 ms.
11:56:13. 417 [main] INFO  org.testng.internal.Utils -[Utils] MethodGroupsHelper.collectMethodsByGroup() took 0 ms.
11:56:13. 417 [main] INFO  org.testng.internal.Utils -[Utils] MethodGroupsHelper.sortMethods() took 0 ms.
11:56:13. 417 [main] INFO  org.testng.internal.Utils -[Utils] MethodGroupsHelper.collectMethodsByGroup() took 0 ms.
11:56:13. 418 [main] INFO  org.testng.internal.Utils -[Utils] MethodGroupsHelper.sortMethods() took 0 ms.
11:56:13. 422 [main] INFO  org.testng.internal.Utils -[Utils] MethodGroupsHelper.collectMethodsByGroup() took 2 ms.
11:56:13. 423 [main] INFO  org.testng.internal.Utils -[Utils] MethodGroupsHelper.sortMethods() took 0 ms.
11:56:13. 424 [main] INFO  org.testng.internal.Utils -[Utils] MethodGroupsHelper.collectMethodsByGroup() took 0 ms.
11:56:13. 425 [main] INFO  org.testng.internal.Utils -[Utils] MethodGroupsHelper.sortMethods() took 0 ms.
11:56:13. 425 [main] INFO  org.testng.internal.Utils -[Utils] MethodGroupsHelper.collectMethodsByGroup() took 0 ms.
11:56:13. 425 [main] INFO  org.testng.internal.Utils -[Utils] MethodGroupsHelper.sortMethods() took 0 ms.
11:56:13. 435 [main] INFO  org.testng.internal.Utils -[TestNG] Running:
  I:\Ishan\QA_HybridFramework\master.xml

11:56:13. 649 [main] INFO  org.testng.internal.Utils -[Utils] DynamicGraphHelper.createDynamicGraph() took 4 ms.
11:56:13. 679 [main] INFO  testCases.TC003_LoginTestDDT -Logger initialized successfully.
11:56:24. 232 [main] INFO  testCases.TC003_LoginTestDDT -*--Starting TC003_LoginDDTTest--*
11:56:24. 425 [main] INFO  testCases.TC003_LoginTestDDT -*--Navigating to MyAccount & clicking on Login--*
11:56:25. 389 [main] INFO  testCases.TC003_LoginTestDDT -*--Data getting entered into fields from Excel--*
11:56:25. 787 [main] INFO  testCases.TC003_LoginTestDDT -*--Clicking Login--*
11:56:26. 978 [main] INFO  testCases.TC003_LoginTestDDT -*--Checking Positive and Negative cases --*
11:56:28. 074 [main] INFO  testCases.TC003_LoginTestDDT -*--Finished TC003_LoginDDTTest--*
11:56:28. 109 [main] INFO  testCases.TC003_LoginTestDDT -*--Starting TC003_LoginDDTTest--*
11:56:28. 111 [main] INFO  testCases.TC003_LoginTestDDT -*--Navigating to MyAccount & clicking on Login--*
11:56:28. 986 [main] INFO  testCases.TC003_LoginTestDDT -*--Data getting entered into fields from Excel--*
11:56:29. 424 [main] INFO  testCases.TC003_LoginTestDDT -*--Clicking Login--*
11:56:51. 624 [main] ERROR testCases.TC003_LoginTestDDT -Test Failed
11:56:51. 681 [main] INFO  testCases.TC003_LoginTestDDT -*--Starting TC003_LoginDDTTest--*
11:56:51. 681 [main] INFO  testCases.TC003_LoginTestDDT -*--Navigating to MyAccount & clicking on Login--*
11:56:51. 723 [main] ERROR testCases.TC003_LoginTestDDT -Test Failed
11:56:51. 779 [main] INFO  testCases.TC003_LoginTestDDT -*--Starting TC003_LoginDDTTest--*
11:56:51. 779 [main] INFO  testCases.TC003_LoginTestDDT -*--Navigating to MyAccount & clicking on Login--*
11:56:51. 818 [main] ERROR testCases.TC003_LoginTestDDT -Test Failed
11:56:51. 864 [main] INFO  testCases.TC003_LoginTestDDT -*--Starting TC003_LoginDDTTest--*
11:56:51. 865 [main] INFO  testCases.TC003_LoginTestDDT -*--Navigating to MyAccount & clicking on Login--*
11:56:51. 896 [main] ERROR testCases.TC003_LoginTestDDT -Test Failed
11:56:54. 015 [main] INFO  org.testng.internal.Utils -[TestNG] Time taken by org.testng.reporters.jq.Main@40d52be7: 174 ms
11:56:54. 056 [main] INFO  org.testng.internal.Utils -[TestNG] Time taken by org.testng.reporters.FailedReporter@15a3b42: 41 ms
